# JRE version: Java(TM) SE Runtime Environment (8.0_202-b08) (build 1.8.0_202-b08)
# Java VM: Java HotSpot(TM) 64-Bit Server VM (25.202-b08 mixed mode windows-amd64 compressed oops)
Heap:
 PSYoungGen      total 132096K, used 52643K [0x00000000d6e00000, 0x00000000df400000, 0x0000000100000000)
  eden space 126976K, 37% used [0x00000000d6e00000,0x00000000d9c708c0,0x00000000dea00000)
  from space 5120K, 99% used [0x00000000dea00000,0x00000000deef8728,0x00000000def00000)
  to   space 5120K, 0% used [0x00000000def00000,0x00000000def00000,0x00000000df400000)
 ParOldGen       total 75264K, used 38311K [0x0000000084a00000, 0x0000000089380000, 0x00000000d6e00000)
  object space 75264K, 50% used [0x0000000084a00000,0x0000000086f69d00,0x0000000089380000)
 Metaspace       used 28803K, capacity 29722K, committed 29824K, reserved 1075200K
  class space    used 3337K, capacity 3625K, committed 3712K, reserved 1048576K
GC Heap History (10 events):
Event: 5.811 GC heap before
{Heap before GC invocations=4 (full 0):
 PSYoungGen      total 68608K, used 68592K [0x00000000d6e00000, 0x00000000df400000, 0x0000000100000000)
  eden space 63488K, 100% used [0x00000000d6e00000,0x00000000dac00000,0x00000000dac00000)
  from space 5120K, 99% used [0x00000000dac00000,0x00000000db0fc030,0x00000000db100000)
  to   space 5120K, 0% used [0x00000000def00000,0x00000000def00000,0x00000000df400000)
 ParOldGen       total 84992K, used 8765K [0x0000000084a00000, 0x0000000089d00000, 0x00000000d6e00000)
  object space 84992K, 10% used [0x0000000084a00000,0x000000008528f7a0,0x0000000089d00000)
 Metaspace       used 16553K, capacity 17020K, committed 17280K, reserved 1064960K
  class space    used 1933K, capacity 2062K, committed 2176K, reserved 1048576K
Event: 5.855 GC heap after
Heap after GC invocations=4 (full 0):
 PSYoungGen      total 132096K, used 5104K [0x00000000d6e00000, 0x00000000df400000, 0x0000000100000000)
  eden space 126976K, 0% used [0x00000000d6e00000,0x00000000d6e00000,0x00000000dea00000)
  from space 5120K, 99% used [0x00000000def00000,0x00000000df3fc010,0x00000000df400000)
  to   space 5120K, 0% used [0x00000000dea00000,0x00000000dea00000,0x00000000def00000)
 ParOldGen       total 84992K, used 12905K [0x0000000084a00000, 0x0000000089d00000, 0x00000000d6e00000)
  object space 84992K, 15% used [0x0000000084a00000,0x000000008569a6c0,0x0000000089d00000)
 Metaspace       used 16553K, capacity 17020K, committed 17280K, reserved 1064960K
  class space    used 1933K, capacity 2062K, committed 2176K, reserved 1048576K
}
Event: 7.739 GC heap before
{Heap before GC invocations=5 (full 0):
 PSYoungGen      total 132096K, used 58427K [0x00000000d6e00000, 0x00000000df400000, 0x0000000100000000)
  eden space 126976K, 41% used [0x00000000d6e00000,0x00000000da212dc0,0x00000000dea00000)
  from space 5120K, 99% used [0x00000000def00000,0x00000000df3fc010,0x00000000df400000)
  to   space 5120K, 0% used [0x00000000dea00000,0x00000000dea00000,0x00000000def00000)
 ParOldGen       total 84992K, used 12905K [0x0000000084a00000, 0x0000000089d00000, 0x00000000d6e00000)
  object space 84992K, 15% used [0x0000000084a00000,0x000000008569a6c0,0x0000000089d00000)
 Metaspace       used 20601K, capacity 21162K, committed 21296K, reserved 1069056K
  class space    used 2437K, capacity 2637K, committed 2688K, reserved 1048576K
Event: 7.770 GC heap after
Heap after GC invocations=5 (full 0):
 PSYoungGen      total 132096K, used 5104K [0x00000000d6e00000, 0x00000000df400000, 0x0000000100000000)
  eden space 126976K, 0% used [0x00000000d6e00000,0x00000000d6e00000,0x00000000dea00000)
  from space 5120K, 99% used [0x00000000dea00000,0x00000000deefc010,0x00000000def00000)
  to   space 5120K, 0% used [0x00000000def00000,0x00000000def00000,0x00000000df400000)
 ParOldGen       total 84992K, used 16968K [0x0000000084a00000, 0x0000000089d00000, 0x00000000d6e00000)
  object space 84992K, 19% used [0x0000000084a00000,0x0000000085a922b8,0x0000000089d00000)
 Metaspace       used 20601K, capacity 21162K, committed 21296K, reserved 1069056K
  class space    used 2437K, capacity 2637K, committed 2688K, reserved 1048576K
}
Event: 7.770 GC heap before
{Heap before GC invocations=6 (full 1):
 PSYoungGen      total 132096K, used 5104K [0x00000000d6e00000, 0x00000000df400000, 0x0000000100000000)
  eden space 126976K, 0% used [0x00000000d6e00000,0x00000000d6e00000,0x00000000dea00000)
  from space 5120K, 99% used [0x00000000dea00000,0x00000000deefc010,0x00000000def00000)
  to   space 5120K, 0% used [0x00000000def00000,0x00000000def00000,0x00000000df400000)
 ParOldGen       total 84992K, used 16968K [0x0000000084a00000, 0x0000000089d00000, 0x00000000d6e00000)
  object space 84992K, 19% used [0x0000000084a00000,0x0000000085a922b8,0x0000000089d00000)
 Metaspace       used 20601K, capacity 21162K, committed 21296K, reserved 1069056K
  class space    used 2437K, capacity 2637K, committed 2688K, reserved 1048576K
Event: 7.993 GC heap after
Heap after GC invocations=6 (full 1):
 PSYoungGen      total 132096K, used 0K [0x00000000d6e00000, 0x00000000df400000, 0x0000000100000000)
  eden space 126976K, 0% used [0x00000000d6e00000,0x00000000d6e00000,0x00000000dea00000)
  from space 5120K, 0% used [0x00000000dea00000,0x00000000dea00000,0x00000000def00000)
  to   space 5120K, 0% used [0x00000000def00000,0x00000000def00000,0x00000000df400000)
 ParOldGen       total 75264K, used 16487K [0x0000000084a00000, 0x0000000089380000, 0x00000000d6e00000)
  object space 75264K, 21% used [0x0000000084a00000,0x0000000085a19db8,0x0000000089380000)
 Metaspace       used 20601K, capacity 21162K, committed 21296K, reserved 1069056K
  class space    used 2437K, capacity 2637K, committed 2688K, reserved 1048576K
}
Event: 17.596 GC heap before
{Heap before GC invocations=7 (full 1):
 PSYoungGen      total 132096K, used 126976K [0x00000000d6e00000, 0x00000000df400000, 0x0000000100000000)
  eden space 126976K, 100% used [0x00000000d6e00000,0x00000000dea00000,0x00000000dea00000)
  from space 5120K, 0% used [0x00000000dea00000,0x00000000dea00000,0x00000000def00000)
  to   space 5120K, 0% used [0x00000000def00000,0x00000000def00000,0x00000000df400000)
 ParOldGen       total 75264K, used 16487K [0x0000000084a00000, 0x0000000089380000, 0x00000000d6e00000)
  object space 75264K, 21% used [0x0000000084a00000,0x0000000085a19db8,0x0000000089380000)
 Metaspace       used 24444K, capacity 25178K, committed 25472K, reserved 1071104K
  class space    used 2849K, capacity 3099K, committed 3200K, reserved 1048576K
Event: 17.615 GC heap after
Heap after GC invocations=7 (full 1):
 PSYoungGen      total 132096K, used 5089K [0x00000000d6e00000, 0x00000000df400000, 0x0000000100000000)
  eden space 126976K, 0% used [0x00000000d6e00000,0x00000000d6e00000,0x00000000dea00000)
  from space 5120K, 99% used [0x00000000def00000,0x00000000df3f8738,0x00000000df400000)
  to   space 5120K, 0% used [0x00000000dea00000,0x00000000dea00000,0x00000000def00000)
 ParOldGen       total 75264K, used 27272K [0x0000000084a00000, 0x0000000089380000, 0x00000000d6e00000)
  object space 75264K, 36% used [0x0000000084a00000,0x00000000864a20c0,0x0000000089380000)
 Metaspace       used 24444K, capacity 25178K, committed 25472K, reserved 1071104K
  class space    used 2849K, capacity 3099K, committed 3200K, reserved 1048576K
}
Event: 20.424 GC heap before
{Heap before GC invocations=8 (full 1):
 PSYoungGen      total 132096K, used 132065K [0x00000000d6e00000, 0x00000000df400000, 0x0000000100000000)
  eden space 126976K, 100% used [0x00000000d6e00000,0x00000000dea00000,0x00000000dea00000)
  from space 5120K, 99% used [0x00000000def00000,0x00000000df3f8738,0x00000000df400000)
  to   space 5120K, 0% used [0x00000000dea00000,0x00000000dea00000,0x00000000def00000)
 ParOldGen       total 75264K, used 27272K [0x0000000084a00000, 0x0000000089380000, 0x00000000d6e00000)
  object space 75264K, 36% used [0x0000000084a00000,0x00000000864a20c0,0x0000000089380000)
 Metaspace       used 27084K, capacity 27876K, committed 28032K, reserved 1073152K
  class space    used 3096K, capacity 3352K, committed 3456K, reserved 1048576K
Event: 20.446 GC heap after
Heap after GC invocations=8 (full 1):
 PSYoungGen      total 132096K, used 5089K [0x00000000d6e00000, 0x00000000df400000, 0x0000000100000000)
  eden space 126976K, 0% used [0x00000000d6e00000,0x00000000d6e00000,0x00000000dea00000)
  from space 5120K, 99% used [0x00000000dea00000,0x00000000deef8728,0x00000000def00000)
  to   space 5120K, 0% used [0x00000000def00000,0x00000000def00000,0x00000000df400000)
 ParOldGen       total 75264K, used 38311K [0x0000000084a00000, 0x0000000089380000, 0x00000000d6e00000)
  object space 75264K, 50% used [0x0000000084a00000,0x0000000086f69d00,0x0000000089380000)
 Metaspace       used 27084K, capacity 27876K, committed 28032K, reserved 1073152K
  class space    used 3096K, capacity 3352K, committed 3456K, reserved 1048576K
}

